Time running: 4:09:41
Sleep time: 3 minute(s)
------------------

Started at: 2022-10-05 19:36:50.569098
Ended at: 2022-10-05 19:57:53.571152
Time running: 0:21:03.002054
Sleep time: 3 minute(s)
------------------

Started at: 2022-10-05 22:45:55.180818
Ended at: 2022-10-06 02:20:32.494140
Time running: 3:34:37.313322
Sleep time: 3 minute(s)
------------------

Started at: 2022-10-06 11:32:54.339072
Ended at: 2022-10-06 15:42:34.469630
Time running: 4:09:40.130558
Sleep time: 3 minute(s)
------------------

Started at: 2022-10-12 17:49:34.984794
Ended at: 2022-10-12 18:17:37.749500
Time running: 0:28:02.764706
Sleep time: 3 minute(s)
------------------

Started at: 2022-10-12 23:40:01.235451
Ended at: 2022-10-13 03:19:28.925139
Time running: 3:39:27.689688
Sleep time: 3 minute(s)
------------------

Started at: 2022-10-13 10:04:25.611247
Ended at: 2022-10-13 13:32:53.085824
Time running: 3:28:27.474577
Sleep time: 4 minute(s)
------------------

Started at: 2022-10-13 16:04:07.942712
Ended at: 2022-10-13 16:32:10.532994
Time running: 0:28:02.590282
Sleep time: 4 minute(s)
------------------

Started at: 2022-10-13 17:53:31.523798
Ended at: 2022-10-14 04:04:07.284173
Time running: 10:10:35.760375
Sleep time: 4 minute(s)
------------------

Started at: 2022-10-14 16:16:21.449099
Ended at: 2022-10-14 16:44:24.081137
Time running: 0:28:02.632038
Sleep time: 4 minute(s)
------------------

Started at: 2022-10-14 20:01:46.264622
Ended at: 2022-10-14 22:14:02.888027
Time running: 2:12:16.623405
Sleep time: 4 minute(s)
------------------

Started at: 2022-10-15 12:40:48.039340
Ended at: 2022-10-15 17:01:35.686287
Time running: 4:20:47.646947
Sleep time: 4 minute(s)
------------------

Started at: 2022-10-15 22:18:49.751055
Ended at: 2022-10-16 02:49:34.627769
Time running: 4:30:44.876714
Sleep time: 5 minute(s)
------------------

Started at: 2022-10-16 07:55:47.972257
Ended at: 2022-10-16 12:21:36.174024
Time running: 4:25:48.201767
Sleep time: 5 minute(s)
------------------

Started at: 2022-10-16 17:27:40.644084
Ended at: 2022-10-16 21:53:29.408397
Time running: 4:25:48.764313
Sleep time: 5 minute(s)
------------------

Started at: 2022-10-17 02:59:37.930064
Ended at: 2022-10-17 07:25:18.045692
Time running: 4:25:40.115628
Sleep time: 5 minute(s)
------------------

Ended at: 2022-10-17 11:41:45.302350
Returned at: 2022-10-17 11:53:46.286374
Time waiting: -1 day, 23:47:59.015976
------------------

Ended at: 2022-10-17 18:29:16.930567
Returned at: 2022-10-17 22:18:08.448000
Time waiting: -1 day, 20:11:08.482567
------------------

Started at: 2022-10-17 22:18:08.448000
Ended at: 2022-10-18 08:26:19.091206
Time running: 10:08:10.643206
Sleep time: 6 minute(s)
------------------

Ended at: 2022-10-19 09:37:34.557237
Returned at: 2022-10-19 09:37:34.883027
Time waiting: -1 day, 23:59:59.674210
------------------

Ended at: 2022-10-19 15:10:28.882260
Returned at: 2022-10-19 15:10:30.730609
Time waiting: -1 day, 23:59:58.151651
------------------

Ended at: 2022-10-19 18:16:20.635269
Returned at: 2022-10-19 18:16:20.898453
Time waiting: -1 day, 23:59:59.736816
------------------

Ended at: 2022-10-19 18:54:25.532296
Returned at: 2022-10-19 18:54:25.816994
Time waiting: -1 day, 23:59:59.715302
------------------

Ended at: 2022-10-19 19:06:27.942968
Returned at: 2022-10-19 19:06:28.216077
Time waiting: -1 day, 23:59:59.726891
------------------

Started at: 2022-10-19 19:06:28.216077
Ended at: 2022-10-20 05:28:57.560884
Time running: 10:22:29.344807
Sleep time: 6 minute(s)
------------------

Ended at: 2022-10-20 05:28:57.560884
Returned at: 2022-10-20 06:51:40.251715
Time waiting: -1 day, 22:37:17.309169
------------------

Started at: 2022-10-20 06:51:40.251715
Ended at: 2022-10-21 05:28:14.187543
Time running: 22:36:33.935828
Sleep time: 6 minute(s)
------------------

Ended at: 2022-10-21 05:28:14.187543
Returned at: 2022-10-21 06:28:29.778229
Time waiting: 1 hour(s), 22:59:44.409314
------------------

Started at: 2022-10-21 20:31:46.640559
Ended at: 2022-10-21 21:33:43.066045
Time running: 1:01:56.425486
Sleep time: 3 minute(s)
------------------

Ended at: 2022-10-21 21:33:43.066045
Returned at: 2022-10-22 02:34:06.631931
Time waiting: 5:00:23.565886
------------------

Started at: 2022-10-22 02:34:06.631931
Ended at: 2022-10-22 08:34:14.410409
Time running: 6:00:07.778478
Sleep time: 3 minute(s)
------------------

Ended at: 2022-10-22 08:34:14.410409
Returned at: 2022-10-22 13:52:12.836197
Time waiting: 5:17:58.425788
------------------

Started at: 2022-10-22 13:52:12.836197
Ended at: 2022-10-22 17:59:10.451320
Time running: 4:06:57.615123
Sleep time: 3 minute(s)
------------------

Ended at: 2022-10-22 17:59:10.451320
Returned at: 2022-10-23 00:53:39.541709
Time waiting: 6:54:29.090389
------------------

Started at: 2022-10-23 00:53:39.541709
Ended at: 2022-10-23 11:08:30.091806
Time running: 10:14:50.550097
Sleep time: 3 minute(s)
------------------

Ended at: 2022-10-23 11:08:30.091806
Returned at: 2022-10-23 17:10:25.393420
Time waiting: 6:01:55.301614
------------------

Started at: 2022-10-23 17:10:25.393420
Ended at: 2022-10-23 21:23:18.152529
Time running: 4:12:52.759109
Sleep time: 3 minute(s)
------------------

Ended at: 2022-10-23 21:23:18.152529
Returned at: 2022-10-24 02:03:27.129417
Time waiting: 4:40:08.976888
------------------

Started at: 2022-10-24 09:52:12.979116
Ended at: 2022-10-24 10:13:15.057202
Time running: 0:21:02.078086
Sleep time: 3 minute(s)
------------------

Started at: 2022-10-24 23:02:57.554016
Ended at: 2022-10-25 06:55:31.762913
Time running: 7:52:34.208897
Sleep time: 3 minute(s)
------------------

Ended at: 2022-10-25 06:55:31.762913
Returned at: 2022-10-25 11:24:44.156498
Time waiting: 4:29:12.393585
------------------

Started at: 2022-10-25 15:13:37.432282
Ended at: 2022-10-25 15:37:39.861256
Time running: 0:24:02.428974
Sleep time: 3 minute(s)
------------------

Started at: 2022-10-25 17:40:00.699815
Ended at: 2022-10-25 18:01:03.287194
Time running: 0:21:02.587379
Sleep time: 3 minute(s)
------------------

Ended at: 2022-10-25 18:01:03.287194
Returned at: 2022-10-25 20:16:37.482496
Time waiting: 2:15:34.195302
------------------

Started at: 2022-10-25 20:16:37.482496
Ended at: 2022-10-26 00:20:20.092129
Time running: 4:03:42.609633
Sleep time: 3 minute(s)
------------------

Ended at: 2022-10-26 00:20:20.092129
Returned at: 2022-10-26 05:06:33.803384
Time waiting: 4:46:13.711255
------------------

Started at: 2022-10-26 15:35:30.248045
Ended at: 2022-10-26 19:49:26.325598
Time running: 4:13:56.077553
Sleep time: 3 minute(s)
------------------

Ended at: 2022-10-26 19:49:26.325598
Returned at: 2022-10-27 00:29:36.237458
Time waiting: 4:40:09.911860
------------------

Started at: 2022-10-27 00:29:36.237458
Ended at: 2022-10-27 08:12:32.447293
Time running: 7:42:56.209835
Sleep time: 3 minute(s)
------------------

Ended at: 2022-10-27 08:12:32.447293
Returned at: 2022-10-27 12:51:34.534018
Time waiting: 4:39:02.086725
------------------

Started at: 2022-10-27 12:51:34.534018
Ended at: 2022-10-27 17:01:22.702118
Time running: 4:09:48.168100
Sleep time: 3 minute(s)
------------------

Started at: 2022-10-28 13:36:17.607294
Ended at: 2022-10-28 17:49:19.562413
Time running: 4:13:01.955119
Sleep time: 3 minute(s)
------------------

Ended at: 2022-10-28 17:49:19.562413
Returned at: 2022-10-28 23:05:14.933304
Time waiting: 5:15:55.370891
------------------

Started at: 2022-10-28 23:05:14.933304
Ended at: 2022-10-29 06:30:42.012467
Time running: 7:25:27.079163
Sleep time: 3 minute(s)
------------------

Ended at: 2022-10-29 06:30:42.012467
Returned at: 2022-10-29 11:44:13.486933
Time waiting: 5:13:31.474466
------------------

Started at: 2022-10-29 11:44:13.486933
Ended at: 2022-10-29 15:54:17.286608
Time running: 4:10:03.799675
Sleep time: 3 minute(s)
------------------

Ended at: 2022-10-29 15:54:17.286608
Returned at: 2022-10-29 23:40:37.940922
Time waiting: 7:46:20.654314
------------------

Started at: 2022-10-29 23:40:37.940922
Ended at: 2022-10-30 07:39:09.313984
Time running: 7:58:31.373062
Sleep time: 3 minute(s)
------------------

Ended at: 2022-10-30 07:39:09.313984
Returned at: 2022-10-30 15:17:36.254985
Time waiting: 7:38:26.941001
------------------

Started at: 2022-10-30 15:17:36.254985
Ended at: 2022-10-30 22:38:08.949893
Time running: 7:20:32.694908
Sleep time: 3 minute(s)
------------------

Started at: 2022-10-31 14:25:52.772069
Ended at: 2022-10-31 18:35:47.287296
Time running: 4:09:54.515227
Sleep time: 3 minute(s)
------------------

Ended at: 2022-10-31 18:35:47.287296
Returned at: 2022-10-31 23:15:58.997081
Time waiting: 4:40:11.709785
------------------

Started at: 2022-10-31 23:15:58.997081
Ended at: 2022-11-01 03:25:58.806638
Time running: 4:09:59.809557
Sleep time: 3 minute(s)
------------------

Ended at: 2022-11-01 03:25:58.806638
Returned at: 2022-11-01 08:06:10.947699
Time waiting: 4:40:12.141061
------------------

Started at: 2022-11-01 12:06:53.522200
Ended at: 2022-11-01 16:26:58.147983
Time running: 4:20:04.625783
Sleep time: 3 minute(s)
------------------

Started at: 2022-11-01 19:07:18.983675
Ended at: 2022-11-01 19:40:22.291636
Time running: 0:33:03.307961
Sleep time: 3 minute(s)
------------------

Ended at: 2022-11-01 19:40:22.291636
Returned at: 2022-11-02 00:41:50.283763
Time waiting: 5:01:27.992127
------------------

Started at: 2022-11-02 00:41:50.283763
Ended at: 2022-11-02 08:08:40.220261
Time running: 7:26:49.936498
Sleep time: 3 minute(s)
------------------

Started at: 2022-11-02 10:33:33.180934
Ended at: 2022-11-02 10:54:35.306948
Time running: 0:21:02.126014
Sleep time: 3 minute(s)
------------------

Ended at: 2022-11-02 10:54:35.306948
Returned at: 2022-11-02 13:22:08.406552
Time waiting: 2:27:33.099604
------------------

Started at: 2022-11-02 13:22:08.406552
Ended at: 2022-11-02 20:16:36.567650
Time running: 6:54:28.161098
Sleep time: 3 minute(s)
------------------

Ended at: 2022-11-02 20:16:36.567650
Returned at: 2022-11-03 09:36:03.390768
Time waiting: 13:19:26.823118
------------------

Started at: 2022-11-03 09:36:03.390768
Ended at: 2022-11-03 13:48:07.494066
Time running: 4:12:04.103298
Sleep time: 3 minute(s)
------------------

Started at: 2022-11-03 18:54:53.815133
Ended at: 2022-11-04 15:18:32.184923
Time running: 20:23:38.369790
Sleep time: 3 minute(s)
------------------

Ended at: 2022-11-04 15:18:32.184923
Returned at: 2022-11-04 20:04:36.490299
Time waiting: 4:46:04.305376
------------------

Started at: 2022-11-04 20:04:36.490299
Ended at: 2022-11-05 00:17:29.105149
Time running: 4:12:52.614850
Sleep time: 3 minute(s)
------------------

Ended at: 2022-11-05 00:17:29.105149
Returned at: 2022-11-05 04:57:37.038265
Time waiting: 4:40:07.933116
------------------

Started at: 2022-11-05 04:57:37.038265
Ended at: 2022-11-05 09:07:26.875192
Time running: 4:09:49.836927
Sleep time: 3 minute(s)
------------------

Ended at: 2022-11-05 09:07:26.875192
Returned at: 2022-11-05 13:47:30.573902
Time waiting: 4:40:03.698710
------------------

Started at: 2022-11-05 13:47:30.573902
Ended at: 2022-11-05 17:54:48.701779
Time running: 4:07:18.127877
Sleep time: 3 minute(s)
------------------

Ended at: 2022-11-05 17:54:48.701779
Returned at: 2022-11-05 22:34:48.340509
Time waiting: 4:39:59.638730
------------------

Started at: 2022-11-05 22:34:48.340509
Ended at: 2022-11-06 01:44:39.039001
Time running: 3:09:50.698492
Sleep time: 3 minute(s)
------------------

Ended at: 2022-11-06 01:44:39.039001
Returned at: 2022-11-06 06:24:44.618282
Time waiting: 4:40:05.579281
------------------

Started at: 2022-11-06 06:24:44.618282
Ended at: 2022-11-06 10:37:18.785419
Time running: 4:12:34.167137
Sleep time: 3 minute(s)
------------------

Ended at: 2022-11-06 10:37:18.785419
Returned at: 2022-11-06 18:52:38.351137
Time waiting: 8:15:19.565718
------------------

Started at: 2022-11-06 18:52:38.351137
Ended at: 2022-11-06 23:02:28.399646
Time running: 4:09:50.048509
Sleep time: 3 minute(s)
------------------

Started at: 2022-11-06 23:28:15.148286
Ended at: 2022-11-06 23:49:17.153533
Time running: 0:21:02.005247
Sleep time: 3 minute(s)
------------------

Ended at: 2022-11-06 23:49:17.153533
Returned at: 2022-11-07 04:29:27.715403
Time waiting: 4:40:10.561870
------------------

Started at: 2022-11-07 04:29:27.715403
Ended at: 2022-11-07 08:42:24.211645
Time running: 4:12:56.496242
Sleep time: 3 minute(s)
------------------

Started at: 2022-11-07 13:54:13.935501
Ended at: 2022-11-07 21:23:39.645883
Time running: 7:29:25.710382
Sleep time: 3 minute(s)
------------------

Ended at: 2022-11-07 21:23:39.645883
Returned at: 2022-11-08 02:09:48.633129
Time waiting: 4:46:08.987246
------------------

Started at: 2022-11-08 02:09:48.633129
Ended at: 2022-11-08 06:22:37.800156
Time running: 4:12:49.167027
Sleep time: 3 minute(s)
------------------

Started at: 2022-11-08 09:54:05.102900
Ended at: 2022-11-08 10:15:07.185233
Time running: 0:21:02.082333
Sleep time: 3 minute(s)
------------------

Started at: 2022-11-08 11:15:06.756847
Ended at: 2022-11-08 15:18:10.558813
Time running: 4:03:03.801966
Sleep time: 3 minute(s)
------------------

Started at: 2022-11-08 17:34:31.137430
Ended at: 2022-11-08 17:55:33.183283
Time running: 0:21:02.045853
Sleep time: 3 minute(s)
------------------

Ended at: 2022-11-08 17:55:33.183283
Returned at: 2022-11-08 22:10:54.341012
Time waiting: 4:15:21.157729
------------------

Started at: 2022-11-09 01:12:08.620438
Ended at: 2022-11-09 02:51:25.986344
Time running: 1:39:17.365906
Sleep time: 3 minute(s)
------------------

Ended at: 2022-11-09 02:51:25.986344
Returned at: 2022-11-09 07:31:29.642173
Time waiting: 4:40:03.655829
------------------

Started at: 2022-11-09 09:41:03.786143
Ended at: 2022-11-09 15:04:34.684172
Time running: 5:23:30.898029
Sleep time: 3 minute(s)
------------------

Started at: 2022-11-09 18:53:30.410450
Ended at: 2022-11-09 19:14:33.224005
Time running: 0:21:02.813555
Sleep time: 3 minute(s)
------------------

Ended at: 2022-11-09 19:14:33.224005
Returned at: 2022-11-09 20:17:47.342614
Time waiting: 1:03:14.118609
------------------

Started at: 2022-11-10 09:21:25.247889
Ended at: 2022-11-10 10:57:40.427994
Time running: 1:36:15.180105
Sleep time: 3 minute(s)
------------------

Started at: 2022-11-11 16:30:00.099084
Ended at: 2022-11-11 18:18:14.222015
Time running: 1:48:14.122931
Sleep time: 3 minute(s)
------------------

Ended at: 2022-11-11 18:18:14.222015
Returned at: 2022-11-11 22:58:19.547393
Time waiting: 4:40:05.325378
------------------

Started at: 2022-11-11 22:58:19.547393
Ended at: 2022-11-12 03:05:08.193999
Time running: 4:06:48.646606
Sleep time: 3 minute(s)
------------------

Ended at: 2022-11-12 03:05:08.193999
Returned at: 2022-11-12 07:45:15.633585
Time waiting: 4:40:07.439586
------------------

Started at: 2022-11-12 07:45:15.633585
Ended at: 2022-11-12 11:58:03.144591
Time running: 4:12:47.511006
Sleep time: 3 minute(s)
------------------

Ended at: 2022-11-12 11:58:03.144591
Returned at: 2022-11-12 16:38:05.917722
Time waiting: 4:40:02.773131
------------------

Started at: 2022-11-12 19:04:43.870810
Ended at: 2022-11-12 20:47:00.342303
Time running: 1:42:16.471493
Sleep time: 3 minute(s)
------------------

Ended at: 2022-11-12 20:47:00.342303
Returned at: 2022-11-13 01:27:05.478529
Time waiting: 4:40:05.136226
------------------

Started at: 2022-11-13 01:27:05.478529
Ended at: 2022-11-13 05:37:10.340380
Time running: 4:10:04.861851
Sleep time: 3 minute(s)
------------------

Ended at: 2022-11-13 05:37:10.340380
Returned at: 2022-11-13 10:17:29.990507
Time waiting: 4:40:19.650127
------------------

Started at: 2022-11-13 10:17:29.990507
Ended at: 2022-11-13 14:27:42.668777
Time running: 4:10:12.678270
Sleep time: 3 minute(s)
------------------

Ended at: 2022-11-13 14:27:42.668777
Returned at: 2022-11-13 19:08:00.329323
Time waiting: 4:40:17.660546
------------------

Started at: 2022-11-13 19:08:00.329323
Ended at: 2022-11-13 23:18:08.184272
Time running: 4:10:07.854949
Sleep time: 3 minute(s)
------------------

Ended at: 2022-11-13 23:18:08.184272
Returned at: 2022-11-14 03:58:11.912670
Time waiting: 4:40:03.728398
------------------

Started at: 2022-11-14 03:58:11.912670
Ended at: 2022-11-14 08:08:13.002707
Time running: 4:10:01.090037
Sleep time: 3 minute(s)
------------------

Ended at: 2022-11-14 08:08:13.002707
Returned at: 2022-11-14 12:48:27.175052
Time waiting: 4:40:14.172345
------------------

Started at: 2022-11-14 12:48:27.175052
Ended at: 2022-11-14 16:55:30.701900
Time running: 4:07:03.526848
Sleep time: 3 minute(s)
------------------

Ended at: 2022-11-14 16:55:30.701900
Returned at: 2022-11-14 21:35:41.929684
Time waiting: 4:40:11.227784
------------------

Started at: 2022-11-14 21:35:41.929684
Ended at: 2022-11-15 01:48:43.224797
Time running: 4:13:01.295113
Sleep time: 3 minute(s)
------------------

Ended at: 2022-11-15 01:48:43.224797
Returned at: 2022-11-15 06:28:51.832805
Time waiting: 4:40:08.608008
------------------

Started at: 2022-11-15 06:28:51.832805
Ended at: 2022-11-15 10:41:56.610255
Time running: 4:13:04.777450
Sleep time: 3 minute(s)
------------------

Ended at: 2022-11-15 10:41:56.610255
Returned at: 2022-11-15 15:22:09.283759
Time waiting: 4:40:12.673504
------------------

Started at: 2022-11-15 15:22:09.283759
Ended at: 2022-11-15 19:32:12.673854
Time running: 4:10:03.390095
Sleep time: 3 minute(s)
------------------

Ended at: 2022-11-15 19:32:12.673854
Returned at: 2022-11-16 00:12:28.914724
Time waiting: 4:40:16.240870
------------------

Started at: 2022-11-16 00:12:28.914724
Ended at: 2022-11-16 04:22:31.363440
Time running: 4:10:02.448716
Sleep time: 3 minute(s)
------------------

Ended at: 2022-11-16 04:22:31.363440
Returned at: 2022-11-16 09:02:42.466286
Time waiting: 4:40:11.102846
------------------

Started at: 2022-11-16 09:02:42.466286
Ended at: 2022-11-16 13:09:45.599022
Time running: 4:07:03.132736
Sleep time: 3 minute(s)
------------------

Started at: 2022-11-16 13:41:59.340183
Ended at: 2022-11-16 14:03:03.171125
Time running: 0:21:03.830942
Sleep time: 3 minute(s)
------------------

Ended at: 2022-11-16 14:03:03.171125
Returned at: 2022-11-16 18:43:16.707212
Time waiting: 4:40:13.536087
------------------

Started at: 2022-11-16 18:43:16.707212
Ended at: 2022-11-16 22:50:21.867882
Time running: 4:07:05.160670
Sleep time: 3 minute(s)
------------------

Ended at: 2022-11-16 22:50:21.867882
Returned at: 2022-11-17 03:30:34.171272
Time waiting: 4:40:12.303390
------------------

Started at: 2022-11-17 03:30:34.171272
Ended at: 2022-11-17 07:43:36.182637
Time running: 4:13:02.011365
Sleep time: 3 minute(s)
------------------

Started at: 2022-11-17 21:39:08.179530
Ended at: 2022-11-18 04:58:57.183441
Time running: 7:19:49.003911
Sleep time: 3 minute(s)
------------------

Ended at: 2022-11-18 04:58:57.183441
Returned at: 2022-11-18 11:52:57.981205
Time waiting: 6:54:00.797764
------------------

Started at: 2022-11-18 11:52:57.981205
Ended at: 2022-11-18 16:02:56.696026
Time running: 4:09:58.714821
Sleep time: 3 minute(s)
------------------

Ended at: 2022-11-18 16:02:56.696026
Returned at: 2022-11-18 20:43:03.945847
Time waiting: 4:40:07.249821
------------------

Started at: 2022-11-18 20:43:03.945847
Ended at: 2022-11-19 00:50:05.198589
Time running: 4:07:01.252742
Sleep time: 3 minute(s)
------------------

Ended at: 2022-11-19 00:50:05.198589
Returned at: 2022-11-19 05:30:11.285471
Time waiting: 4:40:06.086882
------------------

Started at: 2022-11-19 05:30:11.285471
Ended at: 2022-11-19 09:40:10.695428
Time running: 4:09:59.409957
Sleep time: 3 minute(s)
------------------

Ended at: 2022-11-19 09:40:10.695428
Returned at: 2022-11-19 14:20:18.981585
Time waiting: 4:40:08.286157
------------------

Started at: 2022-11-19 14:20:18.981585
Ended at: 2022-11-19 18:33:23.516234
Time running: 4:13:04.534649
Sleep time: 3 minute(s)
------------------

Ended at: 2022-11-19 18:33:23.516234
Returned at: 2022-11-19 23:13:25.672030
Time waiting: 4:40:02.155796
------------------

Started at: 2022-11-19 23:13:25.672030
Ended at: 2022-11-20 03:20:24.042936
Time running: 4:06:58.370906
Sleep time: 3 minute(s)
------------------

Ended at: 2022-11-20 03:20:24.042936
Returned at: 2022-11-20 08:00:29.345096
Time waiting: 4:40:05.302160
------------------

Started at: 2022-11-20 08:00:29.345096
Ended at: 2022-11-20 12:10:30.142320
Time running: 4:10:00.797224
Sleep time: 3 minute(s)
------------------

Ended at: 2022-11-20 12:10:30.142320
Returned at: 2022-11-20 16:50:40.311738
Time waiting: 4:40:10.169418
------------------

Started at: 2022-11-20 16:50:40.311738
Ended at: 2022-11-20 21:00:39.459767
Time running: 4:09:59.148029
Sleep time: 3 minute(s)
------------------

Ended at: 2022-11-20 21:00:39.459767
Returned at: 2022-11-21 01:40:50.486019
Time waiting: 4:40:11.026252
------------------

Started at: 2022-11-21 01:40:50.486019
Ended at: 2022-11-21 05:50:53.985767
Time running: 4:10:03.499748
Sleep time: 3 minute(s)
------------------

Started at: 2022-11-21 09:23:06.009186
Ended at: 2022-11-21 09:51:08.841576
Time running: 0:28:02.832390
Sleep time: 4 minute(s)
------------------

Started at: 2022-11-21 10:49:24.343860
Ended at: 2022-11-21 15:10:33.950205
Time running: 4:21:09.606345
Sleep time: 4 minute(s)
------------------

Started at: 2022-11-21 15:17:39.351573
Ended at: 2022-11-21 15:45:43.023334
Time running: 0:28:03.671761
Sleep time: 4 minute(s)
------------------

Ended at: 2022-11-21 15:45:43.023334
Returned at: 2022-11-21 19:48:46.807485
Time waiting: 4:03:03.784151
------------------

Started at: 2022-11-21 19:48:46.807485
Ended at: 2022-11-22 00:09:33.827205
Time running: 4:20:47.019720
Sleep time: 4 minute(s)
------------------

Started at: 2022-11-22 01:16:14.522903
Ended at: 2022-11-22 01:44:16.342134
Time running: 0:28:01.819231
Sleep time: 4 minute(s)
------------------

Ended at: 2022-11-22 01:44:16.342134
Returned at: 2022-11-22 05:21:04.601463
Time waiting: 3:36:48.259329
------------------

Started at: 2022-11-22 09:46:34.108924
Ended at: 2022-11-22 13:24:09.896623
Time running: 3:37:35.787699
Sleep time: 4 minute(s)
------------------

Started at: 2022-11-22 13:32:05.257273
Ended at: 2022-11-22 14:00:07.386205
Time running: 0:28:02.128932
Sleep time: 4 minute(s)
------------------

Started at: 2022-11-23 23:07:26.646278
Ended at: 2022-11-23 23:35:31.647883
Time running: 0:28:05.001605
Sleep time: 4 minute(s)
------------------

Started at: 2022-11-24 11:05:42.042456
Ended at: 2022-11-24 11:33:44.713876
Time running: 0:28:02.671420
Sleep time: 4 minute(s)
------------------

Started at: 2022-11-24 21:24:10.801409
Ended at: 2022-11-24 22:33:05.939373
Time running: 1:08:55.137964
Sleep time: 4 minute(s)
------------------

Ended at: 2022-11-24 22:33:05.939373
Returned at: 2022-11-25 08:31:16.797343
Time waiting: 9:58:10.857970
------------------

Started at: 2022-11-25 08:31:16.797343
Ended at: 2022-11-25 12:48:02.342871
Time running: 4:16:45.545528
Sleep time: 4 minute(s)
------------------

Ended at: 2022-11-25 12:48:02.342871
Returned at: 2022-11-25 17:41:09.029480
Time waiting: 4:53:06.686609
------------------

Started at: 2022-11-25 17:41:09.029480
Ended at: 2022-11-25 21:58:02.770245
Time running: 4:16:53.740765
Sleep time: 4 minute(s)
------------------

Ended at: 2022-11-25 21:58:02.770245
Returned at: 2022-11-26 02:51:08.761293
Time waiting: 4:53:05.991048
------------------

Started at: 2022-11-26 02:51:08.761293
Ended at: 2022-11-26 07:08:03.709416
Time running: 4:16:54.948123
Sleep time: 4 minute(s)
------------------

Ended at: 2022-11-26 07:08:03.709416
Returned at: 2022-11-26 12:01:15.488102
Time waiting: 4:53:11.778686
------------------

Started at: 2022-11-26 12:01:15.488102
Ended at: 2022-11-26 16:18:08.239338
Time running: 4:16:52.751236
Sleep time: 4 minute(s)
------------------

Ended at: 2022-11-26 16:18:08.239338
Returned at: 2022-11-26 21:11:19.971624
Time waiting: 4:53:11.732286
------------------

Started at: 2022-11-26 21:11:19.971624
Ended at: 2022-11-27 01:28:13.748656
Time running: 4:16:53.777032
Sleep time: 4 minute(s)
------------------

Ended at: 2022-11-27 01:28:13.748656
Returned at: 2022-11-27 06:21:24.766398
Time waiting: 4:53:11.017742
------------------

Started at: 2022-11-27 06:21:24.766398
Ended at: 2022-11-27 10:38:22.867062
Time running: 4:16:58.100664
Sleep time: 4 minute(s)
------------------

Ended at: 2022-11-27 10:38:22.867062
Returned at: 2022-11-27 15:31:29.816498
Time waiting: 4:53:06.949436
------------------

Started at: 2022-11-27 15:31:29.816498
Ended at: 2022-11-27 19:48:21.650335
Time running: 4:16:51.833837
Sleep time: 4 minute(s)
------------------

Started at: 2022-11-27 21:22:28.125626
Ended at: 2022-11-27 21:50:30.942157
Time running: 0:28:02.816531
Sleep time: 4 minute(s)
------------------

Ended at: 2022-11-27 21:50:30.942157
Returned at: 2022-11-28 01:27:18.396352
Time waiting: 3:36:47.454195
------------------

Started at: 2022-11-28 01:27:18.396352
Ended at: 2022-11-28 05:43:57.110795
Time running: 4:16:38.714443
Sleep time: 4 minute(s)
------------------

Started at: 2022-11-28 06:37:09.026800
Ended at: 2022-11-28 07:05:10.866972
Time running: 0:28:01.840172
Sleep time: 4 minute(s)
------------------

Started at: 2022-11-28 14:33:51.213982
Ended at: 2022-11-28 15:01:53.964679
Time running: 0:28:02.750697
Sleep time: 4 minute(s)
------------------

Started at: 2022-11-28 19:26:04.452632
Ended at: 2022-11-28 23:42:43.598499
Time running: 4:16:39.145867
Sleep time: 4 minute(s)
------------------

Ended at: 2022-11-28 23:42:43.598499
Returned at: 2022-11-29 04:35:43.562504
Time waiting: 4:52:59.964005
------------------

Started at: 2022-11-29 09:35:26.188023
Ended at: 2022-11-29 10:03:28.226262
Time running: 0:28:02.038239
Sleep time: 4 minute(s)
------------------

Ended at: 2022-11-29 10:03:28.226262
Returned at: 2022-11-29 13:40:19.206920
Time waiting: 3:36:50.980658
------------------

Started at: 2022-11-29 21:49:09.720508
Ended at: 2022-11-29 22:17:12.934428
Time running: 0:28:03.213920
Sleep time: 4 minute(s)
------------------

Ended at: 2022-11-29 22:17:12.934428
Returned at: 2022-11-30 03:10:18.538470
Time waiting: 4:53:05.604042
------------------

Started at: 2022-11-30 03:10:18.538470
Ended at: 2022-11-30 07:31:00.334215
Time running: 4:20:41.795745
Sleep time: 4 minute(s)
------------------

Started at: 2022-11-30 09:40:45.369778
Ended at: 2022-11-30 10:08:48.163696
Time running: 0:28:02.793918
Sleep time: 4 minute(s)
------------------

Started at: 2022-11-30 11:26:23.808994
Ended at: 2022-11-30 11:54:28.442564
Time running: 0:28:04.633570
Sleep time: 4 minute(s)
------------------

Ended at: 2022-11-30 11:54:28.442564
Returned at: 2022-11-30 12:58:49.213653
Time waiting: 1:04:20.771089
------------------

Started at: 2022-11-30 12:58:49.213653
Ended at: 2022-11-30 21:36:02.394253
Time running: 8:37:13.180600
Sleep time: 4 minute(s)
------------------

Ended at: 2022-11-30 21:36:02.394253
Returned at: 2022-12-01 02:29:14.197897
Time waiting: 4:53:11.803644
------------------

Started at: 2022-12-01 02:29:14.197897
Ended at: 2022-12-01 06:42:07.866358
Time running: 4:12:53.668461
Sleep time: 4 minute(s)
------------------

Started at: 2022-12-01 10:39:36.227611
Ended at: 2022-12-01 11:07:39.459566
Time running: 0:28:03.231955
Sleep time: 4 minute(s)
------------------

Ended at: 2022-12-01 11:07:39.459566
Returned at: 2022-12-01 12:11:53.493094
Time waiting: 1:04:14.033528
------------------

Started at: 2022-12-01 17:16:22.116094
Ended at: 2022-12-01 17:44:24.809195
Time running: 0:28:02.693101
Sleep time: 4 minute(s)
------------------

Ended at: 2022-12-01 17:44:24.809195
Returned at: 2022-12-01 21:21:17.099820
Time waiting: 3:36:52.290625
------------------

Started at: 2022-12-02 09:46:25.095674
Ended at: 2022-12-02 13:59:07.661341
Time running: 4:12:42.565667
Sleep time: 4 minute(s)
------------------

Ended at: 2022-12-02 13:59:07.661341
Returned at: 2022-12-02 18:52:18.023590
Time waiting: 4:53:10.362249
------------------

Started at: 2022-12-02 18:52:18.023590
Ended at: 2022-12-02 23:00:54.374064
Time running: 4:08:36.350474
Sleep time: 4 minute(s)
------------------

Ended at: 2022-12-02 23:00:54.374064
Returned at: 2022-12-03 03:54:04.227223
Time waiting: 4:53:09.853159
------------------

Started at: 2022-12-03 03:54:04.227223
Ended at: 2022-12-03 08:14:43.964232
Time running: 4:20:39.737009
Sleep time: 4 minute(s)
------------------

Started at: 2022-12-03 12:41:24.525252
Ended at: 2022-12-03 17:02:07.384520
Time running: 4:20:42.859268
Sleep time: 4 minute(s)
------------------

Ended at: 2022-12-03 17:02:07.384520
Returned at: 2022-12-03 21:55:13.502213
Time waiting: 4:53:06.117693
------------------

Started at: 2022-12-03 21:55:13.502213
Ended at: 2022-12-04 02:11:52.154433
Time running: 4:16:38.652220
Sleep time: 4 minute(s)
------------------

Ended at: 2022-12-04 02:11:52.154433
Returned at: 2022-12-04 07:04:58.386213
Time waiting: 4:53:06.231780
------------------

Started at: 2022-12-04 07:04:58.386213
Ended at: 2022-12-04 11:21:39.949522
Time running: 4:16:41.563309
Sleep time: 4 minute(s)
------------------

Started at: 2022-12-04 20:55:26.203605
Ended at: 2022-12-04 21:22:28.978192
Time running: 0:27:02.774587
Sleep time: 3 minute(s)
------------------

Ended at: 2022-12-04 21:22:28.978192
Returned at: 2022-12-05 02:02:40.805906
Time waiting: 4:40:11.827714
------------------

Started at: 2022-12-05 02:02:40.805906
Ended at: 2022-12-05 05:57:19.099723
Time running: 3:54:38.293817
Sleep time: 3 minute(s)
------------------

Started at: 2022-12-05 09:20:21.204590
Ended at: 2022-12-05 09:41:23.224677
Time running: 0:21:02.020087
Sleep time: 3 minute(s)
------------------

Ended at: 2022-12-05 09:41:23.224677
Returned at: 2022-12-05 10:50:41.931334
Time waiting: 1:09:18.706657
------------------

Started at: 2022-12-05 10:50:41.931334
Ended at: 2022-12-05 14:57:49.049760
Time running: 4:07:07.118426
Sleep time: 3 minute(s)
------------------

Started at: 2022-12-05 22:16:18.827758
Ended at: 2022-12-05 23:47:44.098123
Time running: 1:31:25.270365
Sleep time: 3 minute(s)
------------------

Ended at: 2022-12-05 23:47:44.098123
Returned at: 2022-12-06 00:51:00.723416
Time waiting: 1:03:16.625293
------------------

Started at: 2022-12-06 00:51:00.723416
Ended at: 2022-12-06 04:10:31.577818
Time running: 3:19:30.854402
Sleep time: 3 minute(s)
------------------

Ended at: 2022-12-06 04:10:31.577818
Returned at: 2022-12-06 05:13:47.121306
Time waiting: 1:03:15.543488
------------------

Started at: 2022-12-06 05:13:47.121306
Ended at: 2022-12-06 05:40:49.327366
Time running: 0:27:02.206060
Sleep time: 3 minute(s)
------------------

Ended at: 2022-12-06 05:40:49.327366
Returned at: 2022-12-06 10:20:52.147729
Time waiting: 4:40:02.820363
------------------

Started at: 2022-12-06 10:20:52.147729
Ended at: 2022-12-06 14:27:41.281478
Time running: 4:06:49.133749
Sleep time: 3 minute(s)
------------------

Ended at: 2022-12-06 14:27:41.281478
Returned at: 2022-12-06 19:10:44.336243
Time waiting: 4:43:03.054765
------------------
