1664436559871	geckodriver	INFO	Listening on 127.0.0.1:60719
1664436636111	geckodriver	INFO	Listening on 127.0.0.1:60888
1664436636627	mozrunner::runner	INFO	Running command: "/Applications/Firefox.app/Contents/MacOS/firefox-bin" "--marionette" "-headless" "--remote-debugging-port" "60889" "--remote-allow-hosts" "localhost" "-foreground" "-no-remote" "-profile" "/var/folders/7c/h9r_m3c51y14cnn6pxghkdxm0000gn/T/rust_mozprofileqjR9XD"
*** You are running in headless mode.
2022-09-29 01:30:36.833 plugin-container[4133:760658] nil host used in call to allowsSpecificHTTPSCertificateForHost
2022-09-29 01:30:36.833 plugin-container[4133:760658] nil host used in call to allowsAnyHTTPSCertificateForHost:
2022-09-29 01:30:36.835 plugin-container[4133:760658] nil host used in call to allowsSpecificHTTPSCertificateForHost
2022-09-29 01:30:36.835 plugin-container[4133:760658] nil host used in call to allowsAnyHTTPSCertificateForHost:
2022-09-29 01:30:36.836 plugin-container[4133:760666] nil host used in call to allowsSpecificHTTPSCertificateForHost
2022-09-29 01:30:36.836 plugin-container[4133:760666] nil host used in call to allowsAnyHTTPSCertificateForHost:
1664436636836	Marionette	INFO	Marionette enabled
1664436636843	Marionette	INFO	Listening on port 60896
Read port: 60896
WebDriver BiDi listening on ws://127.0.0.1:60889
1664436636963	RemoteAgent	WARN	TLS certificate errors will be ignored for this session
[GFX1-]: RenderCompositorSWGL failed mapping default framebuffer, no dt
console.warn: SearchSettings: "get: No settings file exists, new profile?" (new NotFoundError("Could not open the file at /var/folders/7c/h9r_m3c51y14cnn6pxghkdxm0000gn/T/rust_mozprofileqjR9XD/search.json.mozlz4", (void 0)))
DevTools listening on ws://127.0.0.1:60889/devtools/browser/aa665fbf-8823-48e1-996e-8d9b8181223c
console.warn: LoginRecipes: "Falling back to a synchronous message for: https://ais.usvisa-info.com."
console.warn: LoginRecipes: "Falling back to a synchronous message for: https://ais.usvisa-info.com."
Exiting due to channel error.
Exiting due to channel error.
Exiting due to channel error.
1664436666962	geckodriver	INFO	Listening on 127.0.0.1:60960
1664436667480	mozrunner::runner	INFO	Running command: "/Applications/Firefox.app/Contents/MacOS/firefox-bin" "--marionette" "--remote-debugging-port" "60961" "--remote-allow-hosts" "localhost" "-foreground" "-no-remote" "-profile" "/var/folders/7c/h9r_m3c51y14cnn6pxghkdxm0000gn/T/rust_mozprofilexCo6Gh"
1664436667735	Marionette	INFO	Marionette enabled
2022-09-29 01:31:07.735 plugin-container[4273:761824] nil host used in call to allowsSpecificHTTPSCertificateForHost
2022-09-29 01:31:07.735 plugin-container[4273:761824] nil host used in call to allowsAnyHTTPSCertificateForHost:
2022-09-29 01:31:07.737 plugin-container[4273:761824] nil host used in call to allowsSpecificHTTPSCertificateForHost
2022-09-29 01:31:07.737 plugin-container[4273:761824] nil host used in call to allowsAnyHTTPSCertificateForHost:
2022-09-29 01:31:07.737 plugin-container[4273:761827] nil host used in call to allowsSpecificHTTPSCertificateForHost
2022-09-29 01:31:07.737 plugin-container[4273:761827] nil host used in call to allowsAnyHTTPSCertificateForHost:
1664436667753	Marionette	INFO	Listening on port 60968
Read port: 60968
WebDriver BiDi listening on ws://127.0.0.1:60961
1664436667843	RemoteAgent	WARN	TLS certificate errors will be ignored for this session
UNSUPPORTED (log once): POSSIBLE ISSUE: unit 1 GLD_TEXTURE_INDEX_2D is unloadable and bound to sampler type (Float) - using zero texture because texture unloadable
console.warn: SearchSettings: "get: No settings file exists, new profile?" (new NotFoundError("Could not open the file at /var/folders/7c/h9r_m3c51y14cnn6pxghkdxm0000gn/T/rust_mozprofilexCo6Gh/search.json.mozlz4", (void 0)))
DevTools listening on ws://127.0.0.1:60961/devtools/browser/b9092a08-9697-42be-93b5-2caa17776f2b
console.warn: LoginRecipes: "Falling back to a synchronous message for: https://ais.usvisa-info.com."
console.warn: LoginRecipes: "Falling back to a synchronous message for: https://ais.usvisa-info.com."
Exiting due to channel error.
[GFX1-]: Receive IPC close with reason=AbnormalShutdown
Exiting due to channel error.
Exiting due to channel error.
1664436725059	geckodriver	INFO	Listening on 127.0.0.1:61095
1664436725580	mozrunner::runner	INFO	Running command: "/Applications/Firefox.app/Contents/MacOS/firefox-bin" "--marionette" "-headless" "--remote-debugging-port" "61096" "--remote-allow-hosts" "localhost" "-foreground" "-no-remote" "-profile" "/var/folders/7c/h9r_m3c51y14cnn6pxghkdxm0000gn/T/rust_mozprofileA9M8Vq"
*** You are running in headless mode.
2022-09-29 01:32:05.784 plugin-container[4416:763000] nil host used in call to allowsSpecificHTTPSCertificateForHost
2022-09-29 01:32:05.784 plugin-container[4416:763000] nil host used in call to allowsAnyHTTPSCertificateForHost:
2022-09-29 01:32:05.786 plugin-container[4416:763000] nil host used in call to allowsSpecificHTTPSCertificateForHost
2022-09-29 01:32:05.786 plugin-container[4416:763000] nil host used in call to allowsAnyHTTPSCertificateForHost:
2022-09-29 01:32:05.786 plugin-container[4416:763008] nil host used in call to allowsSpecificHTTPSCertificateForHost
2022-09-29 01:32:05.786 plugin-container[4416:763008] nil host used in call to allowsAnyHTTPSCertificateForHost:
1664436725791	Marionette	INFO	Marionette enabled
1664436725797	Marionette	INFO	Listening on port 61103
Read port: 61103
WebDriver BiDi listening on ws://127.0.0.1:61096
1664436725925	RemoteAgent	WARN	TLS certificate errors will be ignored for this session
[GFX1-]: RenderCompositorSWGL failed mapping default framebuffer, no dt
console.warn: SearchSettings: "get: No settings file exists, new profile?" (new NotFoundError("Could not open the file at /var/folders/7c/h9r_m3c51y14cnn6pxghkdxm0000gn/T/rust_mozprofileA9M8Vq/search.json.mozlz4", (void 0)))
DevTools listening on ws://127.0.0.1:61096/devtools/browser/458f1fb2-09f9-44cc-8bcf-a4cfbc230bfe
console.warn: LoginRecipes: "Falling back to a synchronous message for: https://ais.usvisa-info.com."
console.warn: LoginRecipes: "Falling back to a synchronous message for: https://ais.usvisa-info.com."
Exiting due to channel error.
Exiting due to channel error.
Exiting due to channel error.
1664436812937	geckodriver	INFO	Listening on 127.0.0.1:61202
1664436813458	mozrunner::runner	INFO	Running command: "/Applications/Firefox.app/Contents/MacOS/firefox-bin" "--marionette" "-headless" "--remote-debugging-port" "61203" "--remote-allow-hosts" "localhost" "-foreground" "-no-remote" "-profile" "/var/folders/7c/h9r_m3c51y14cnn6pxghkdxm0000gn/T/rust_mozprofilesjSjM8"
*** You are running in headless mode.
2022-09-29 01:33:33.661 plugin-container[4584:764439] nil host used in call to allowsSpecificHTTPSCertificateForHost
2022-09-29 01:33:33.662 plugin-container[4584:764439] nil host used in call to allowsAnyHTTPSCertificateForHost:
1664436813663	Marionette	INFO	Marionette enabled
2022-09-29 01:33:33.663 plugin-container[4584:764439] nil host used in call to allowsSpecificHTTPSCertificateForHost
2022-09-29 01:33:33.663 plugin-container[4584:764439] nil host used in call to allowsAnyHTTPSCertificateForHost:
2022-09-29 01:33:33.663 plugin-container[4584:764437] nil host used in call to allowsSpecificHTTPSCertificateForHost
2022-09-29 01:33:33.663 plugin-container[4584:764437] nil host used in call to allowsAnyHTTPSCertificateForHost:
1664436813669	Marionette	INFO	Listening on port 61210
Read port: 61210
WebDriver BiDi listening on ws://127.0.0.1:61203
1664436813798	RemoteAgent	WARN	TLS certificate errors will be ignored for this session
[GFX1-]: RenderCompositorSWGL failed mapping default framebuffer, no dt
console.warn: SearchSettings: "get: No settings file exists, new profile?" (new NotFoundError("Could not open the file at /var/folders/7c/h9r_m3c51y14cnn6pxghkdxm0000gn/T/rust_mozprofilesjSjM8/search.json.mozlz4", (void 0)))
DevTools listening on ws://127.0.0.1:61203/devtools/browser/ddb25e42-a4fc-4e2a-a49a-8e6f20e37809
console.warn: LoginRecipes: "Falling back to a synchronous message for: https://ais.usvisa-info.com."
console.warn: LoginRecipes: "Falling back to a synchronous message for: https://ais.usvisa-info.com."
Exiting due to channel error.
Exiting due to channel error.
Exiting due to channel error.
1664437261880	geckodriver	INFO	Listening on 127.0.0.1:61483
1664437262401	mozrunner::runner	INFO	Running command: "/Applications/Firefox.app/Contents/MacOS/firefox-bin" "--marionette" "-headless" "--remote-debugging-port" "61484" "--remote-allow-hosts" "localhost" "-foreground" "-no-remote" "-profile" "/var/folders/7c/h9r_m3c51y14cnn6pxghkdxm0000gn/T/rust_mozprofile92afgg"
*** You are running in headless mode.
1664437262715	Marionette	INFO	Marionette enabled
2022-09-29 01:41:02.720 plugin-container[7499:776279] nil host used in call to allowsSpecificHTTPSCertificateForHost
2022-09-29 01:41:02.720 plugin-container[7499:776279] nil host used in call to allowsAnyHTTPSCertificateForHost:
1664437262726	Marionette	INFO	Listening on port 61503
2022-09-29 01:41:02.764 plugin-container[7499:776279] nil host used in call to allowsSpecificHTTPSCertificateForHost
2022-09-29 01:41:02.764 plugin-container[7499:776279] nil host used in call to allowsAnyHTTPSCertificateForHost:
2022-09-29 01:41:02.764 plugin-container[7499:776313] nil host used in call to allowsSpecificHTTPSCertificateForHost
2022-09-29 01:41:02.764 plugin-container[7499:776313] nil host used in call to allowsAnyHTTPSCertificateForHost:
WebDriver BiDi listening on ws://127.0.0.1:61484
Read port: 61503
1664437262853	RemoteAgent	WARN	TLS certificate errors will be ignored for this session
[GFX1-]: RenderCompositorSWGL failed mapping default framebuffer, no dt
console.warn: SearchSettings: "get: No settings file exists, new profile?" (new NotFoundError("Could not open the file at /var/folders/7c/h9r_m3c51y14cnn6pxghkdxm0000gn/T/rust_mozprofile92afgg/search.json.mozlz4", (void 0)))
DevTools listening on ws://127.0.0.1:61484/devtools/browser/7bce9fc2-f781-403d-ab0b-9d6265974fb3
console.warn: LoginRecipes: "Falling back to a synchronous message for: https://ais.usvisa-info.com."
console.warn: LoginRecipes: "Falling back to a synchronous message for: https://ais.usvisa-info.com."
Exiting due to channel error.
Exiting due to channel error.
Exiting due to channel error.
1664437294274	geckodriver	INFO	Listening on 127.0.0.1:61578
1664437294794	mozrunner::runner	INFO	Running command: "/Applications/Firefox.app/Contents/MacOS/firefox-bin" "--marionette" "-headless" "--remote-debugging-port" "61579" "--remote-allow-hosts" "localhost" "-foreground" "-no-remote" "-profile" "/var/folders/7c/h9r_m3c51y14cnn6pxghkdxm0000gn/T/rust_mozprofileofQ1bx"
*** You are running in headless mode.
2022-09-29 01:41:35.045 plugin-container[7635:777302] nil host used in call to allowsSpecificHTTPSCertificateForHost
2022-09-29 01:41:35.046 plugin-container[7635:777302] nil host used in call to allowsAnyHTTPSCertificateForHost:
1664437295048	Marionette	INFO	Marionette enabled
2022-09-29 01:41:35.048 plugin-container[7635:777302] nil host used in call to allowsSpecificHTTPSCertificateForHost
2022-09-29 01:41:35.048 plugin-container[7635:777302] nil host used in call to allowsAnyHTTPSCertificateForHost:
2022-09-29 01:41:35.048 plugin-container[7635:777299] nil host used in call to allowsSpecificHTTPSCertificateForHost
2022-09-29 01:41:35.048 plugin-container[7635:777299] nil host used in call to allowsAnyHTTPSCertificateForHost:
1664437295054	Marionette	INFO	Listening on port 61590
Read port: 61590
WebDriver BiDi listening on ws://127.0.0.1:61579
1664437295184	RemoteAgent	WARN	TLS certificate errors will be ignored for this session
[GFX1-]: RenderCompositorSWGL failed mapping default framebuffer, no dt
console.warn: SearchSettings: "get: No settings file exists, new profile?" (new NotFoundError("Could not open the file at /var/folders/7c/h9r_m3c51y14cnn6pxghkdxm0000gn/T/rust_mozprofileofQ1bx/search.json.mozlz4", (void 0)))
DevTools listening on ws://127.0.0.1:61579/devtools/browser/5bfa7244-d152-47cb-889f-4b75893fa1fe
console.warn: LoginRecipes: "Falling back to a synchronous message for: https://ais.usvisa-info.com."
console.warn: LoginRecipes: "Falling back to a synchronous message for: https://ais.usvisa-info.com."
Exiting due to channel error.
Exiting due to channel error.
Exiting due to channel error.
1664437333036	geckodriver	INFO	Listening on 127.0.0.1:61673
1664437333558	mozrunner::runner	INFO	Running command: "/Applications/Firefox.app/Contents/MacOS/firefox-bin" "--marionette" "-headless" "--remote-debugging-port" "61674" "--remote-allow-hosts" "localhost" "-foreground" "-no-remote" "-profile" "/var/folders/7c/h9r_m3c51y14cnn6pxghkdxm0000gn/T/rust_mozprofileUxzGYL"
*** You are running in headless mode.
2022-09-29 01:42:13.793 plugin-container[7767:778194] nil host used in call to allowsSpecificHTTPSCertificateForHost
2022-09-29 01:42:13.794 plugin-container[7767:778194] nil host used in call to allowsAnyHTTPSCertificateForHost:
1664437333794	Marionette	INFO	Marionette enabled
2022-09-29 01:42:13.795 plugin-container[7767:778194] nil host used in call to allowsSpecificHTTPSCertificateForHost
2022-09-29 01:42:13.795 plugin-container[7767:778194] nil host used in call to allowsAnyHTTPSCertificateForHost:
2022-09-29 01:42:13.796 plugin-container[7767:778220] nil host used in call to allowsSpecificHTTPSCertificateForHost
2022-09-29 01:42:13.796 plugin-container[7767:778220] nil host used in call to allowsAnyHTTPSCertificateForHost:
1664437333801	Marionette	INFO	Listening on port 61682
WebDriver BiDi listening on ws://127.0.0.1:61674
Read port: 61682
1664437333927	RemoteAgent	WARN	TLS certificate errors will be ignored for this session
[GFX1-]: RenderCompositorSWGL failed mapping default framebuffer, no dt
console.warn: SearchSettings: "get: No settings file exists, new profile?" (new NotFoundError("Could not open the file at /var/folders/7c/h9r_m3c51y14cnn6pxghkdxm0000gn/T/rust_mozprofileUxzGYL/search.json.mozlz4", (void 0)))
DevTools listening on ws://127.0.0.1:61674/devtools/browser/892876aa-e2cd-48eb-9ff7-b5de6746270e
console.warn: LoginRecipes: "Falling back to a synchronous message for: https://ais.usvisa-info.com."
console.warn: LoginRecipes: "Falling back to a synchronous message for: https://ais.usvisa-info.com."
Exiting due to channel error.
Exiting due to channel error.
[GFX1-]: Receive IPC close with reason=AbnormalShutdown
Exiting due to channel error.
1664437411684	geckodriver	INFO	Listening on 127.0.0.1:61785
1664437412195	mozrunner::runner	INFO	Running command: "/Applications/Firefox.app/Contents/MacOS/firefox-bin" "--marionette" "-headless" "--remote-debugging-port" "61786" "--remote-allow-hosts" "localhost" "-foreground" "-no-remote" "-profile" "/var/folders/7c/h9r_m3c51y14cnn6pxghkdxm0000gn/T/rust_mozprofilerK7eWN"
*** You are running in headless mode.
2022-09-29 01:43:32.441 plugin-container[7943:780303] nil host used in call to allowsSpecificHTTPSCertificateForHost
2022-09-29 01:43:32.441 plugin-container[7943:780303] nil host used in call to allowsAnyHTTPSCertificateForHost:
1664437412443	Marionette	INFO	Marionette enabled
2022-09-29 01:43:32.443 plugin-container[7943:780303] nil host used in call to allowsSpecificHTTPSCertificateForHost
2022-09-29 01:43:32.443 plugin-container[7943:780303] nil host used in call to allowsAnyHTTPSCertificateForHost:
2022-09-29 01:43:32.443 plugin-container[7943:780326] nil host used in call to allowsSpecificHTTPSCertificateForHost
2022-09-29 01:43:32.443 plugin-container[7943:780326] nil host used in call to allowsAnyHTTPSCertificateForHost:
1664437412451	Marionette	INFO	Listening on port 61793
WebDriver BiDi listening on ws://127.0.0.1:61786
Read port: 61793
1664437412595	RemoteAgent	WARN	TLS certificate errors will be ignored for this session
[GFX1-]: RenderCompositorSWGL failed mapping default framebuffer, no dt
console.warn: SearchSettings: "get: No settings file exists, new profile?" (new NotFoundError("Could not open the file at /var/folders/7c/h9r_m3c51y14cnn6pxghkdxm0000gn/T/rust_mozprofilerK7eWN/search.json.mozlz4", (void 0)))
DevTools listening on ws://127.0.0.1:61786/devtools/browser/13b23a6a-fb24-4cb1-8ec6-c5e467e3d22a
console.warn: LoginRecipes: "Falling back to a synchronous message for: https://ais.usvisa-info.com."
console.warn: LoginRecipes: "Falling back to a synchronous message for: https://ais.usvisa-info.com."
Exiting due to channel error.
Exiting due to channel error.
[GFX1-]: Receive IPC close with reason=AbnormalShutdown
Exiting due to channel error.
1664437441046	geckodriver	INFO	Listening on 127.0.0.1:61862
1664437441567	mozrunner::runner	INFO	Running command: "/Applications/Firefox.app/Contents/MacOS/firefox-bin" "--marionette" "-headless" "--remote-debugging-port" "61863" "--remote-allow-hosts" "localhost" "-foreground" "-no-remote" "-profile" "/var/folders/7c/h9r_m3c51y14cnn6pxghkdxm0000gn/T/rust_mozprofile1I3IjI"
*** You are running in headless mode.
2022-09-29 01:44:01.781 plugin-container[8076:781235] nil host used in call to allowsSpecificHTTPSCertificateForHost
2022-09-29 01:44:01.781 plugin-container[8076:781235] nil host used in call to allowsAnyHTTPSCertificateForHost:
1664437441782	Marionette	INFO	Marionette enabled
2022-09-29 01:44:01.783 plugin-container[8076:781235] nil host used in call to allowsSpecificHTTPSCertificateForHost
2022-09-29 01:44:01.783 plugin-container[8076:781235] nil host used in call to allowsAnyHTTPSCertificateForHost:
2022-09-29 01:44:01.783 plugin-container[8076:781233] nil host used in call to allowsSpecificHTTPSCertificateForHost
2022-09-29 01:44:01.783 plugin-container[8076:781233] nil host used in call to allowsAnyHTTPSCertificateForHost:
1664437441812	Marionette	INFO	Listening on port 61870
WebDriver BiDi listening on ws://127.0.0.1:61863
Read port: 61870
1664437441951	RemoteAgent	WARN	TLS certificate errors will be ignored for this session
[GFX1-]: RenderCompositorSWGL failed mapping default framebuffer, no dt
console.warn: SearchSettings: "get: No settings file exists, new profile?" (new NotFoundError("Could not open the file at /var/folders/7c/h9r_m3c51y14cnn6pxghkdxm0000gn/T/rust_mozprofile1I3IjI/search.json.mozlz4", (void 0)))
DevTools listening on ws://127.0.0.1:61863/devtools/browser/b7d8f890-f9d6-4f33-976b-254382aeab7e
console.warn: LoginRecipes: "Falling back to a synchronous message for: https://ais.usvisa-info.com."
console.warn: LoginRecipes: "Falling back to a synchronous message for: https://ais.usvisa-info.com."
Exiting due to channel error.
Exiting due to channel error.
[GFX1-]: Receive IPC close with reason=AbnormalShutdown
Exiting due to channel error.
